<?xml version="1.0" encoding="UTF-8"?>
<testng-results ignored="0" total="1" passed="1" failed="0" skipped="0">
  <reporter-output>
  </reporter-output>
  <suite started-at="2021-11-03T18:26:21 IST" name="Default suite" finished-at="2021-11-03T18:26:23 IST" duration-ms="1225">
    <groups>
    </groups>
    <test started-at="2021-11-03T18:26:21 IST" name="Default test" finished-at="2021-11-03T18:26:23 IST" duration-ms="1225">
      <class name="day6.CSVExample">
        <test-method signature="ReadingCSVFile()[pri:0, instance:day6.CSVExample@543588e6]" started-at="2021-11-03T18:26:22 IST" name="ReadingCSVFile" finished-at="2021-11-03T18:26:23 IST" duration-ms="916" status="PASS">
          <reporter-output>
          </reporter-output>
        </test-method> <!-- ReadingCSVFile -->
      </class> <!-- day6.CSVExample -->
    </test> <!-- Default test -->
  </suite> <!-- Default suite -->
</testng-results>
